2015-08-30 00:38:02 认证方式  有线认证
2015-08-30 00:38:02 认证网卡  eth0
2015-08-30 00:38:02 用户名  18650487078
2015-08-30 00:38:02 寻找认证服务器...
2015-08-30 00:38:02 连接认证服务器...
2015-08-30 00:38:02 正在进行认证...
2015-08-30 00:38:05 寻找认证服务器...
2015-08-30 00:38:05 连接认证服务器...
2015-08-30 00:38:05 正在进行认证...
2015-08-30 00:38:05 认证成功
2015-08-30 00:38:05 管理中心提示： 福州大学新庭芳苑： http://bbs.fzu.edu.cn  络报修与咨询：38201299 ，38201295,
2015-08-30 01:14:26 认证方式  有线认证
2015-08-30 01:14:26 认证网卡  eth0
2015-08-30 01:14:26 用户名  18650487078
2015-08-30 01:14:26 寻找认证服务器...
2015-08-30 01:14:26 连接认证服务器...
2015-08-30 01:14:26 正在进行认证...
2015-08-30 01:14:29 寻找认证服务器...
2015-08-30 01:14:29 连接认证服务器...
2015-08-30 01:14:29 正在进行认证...
2015-08-30 01:14:29 认证成功
2015-08-30 01:14:29 管理中心提示： 福州大学新庭芳苑： http://bbs.fzu.edu.cn  络报修与咨询：38201299 ，38201295,
2015-08-30 08:51:07 认证方式  有线认证
2015-08-30 08:51:07 认证网卡  eth0
2015-08-30 08:51:07 用户名  18650487078
2015-08-30 08:51:07 寻找认证服务器...
2015-08-30 08:51:07 连接认证服务器...
2015-08-30 08:51:07 正在进行认证...
2015-08-30 08:51:10 寻找认证服务器...
2015-08-30 08:51:10 连接认证服务器...
2015-08-30 08:51:10 正在进行认证...
2015-08-30 08:51:10 认证成功
2015-08-30 08:51:10 管理中心提示： 福州大学新庭芳苑： http://bbs.fzu.edu.cn  络报修与咨询：38201299 ，38201295,
2015-09-12 21:46:08 认证方式  有线认证
2015-09-12 21:46:08 认证网卡  eth0
2015-09-12 21:46:08 用户名  18650487078
2015-09-12 21:46:09 寻找认证服务器...
2015-09-12 21:46:09 连接认证服务器...
2015-09-12 21:46:09 正在进行认证...
2015-09-12 21:46:12 寻找认证服务器...
2015-09-12 21:46:12 连接认证服务器...
2015-09-12 21:46:12 正在进行认证...
2015-09-12 21:46:12 认证成功
2015-09-12 21:46:12 管理中心提示： http://x.eqxiu.com/s/a5TIUle1不管你是哪个年级，不管你是哪个专业，不管你有什么技能，福州大学官方论坛新庭芳苑都会欢迎爱好者的加盟，一同去打造出最美的新庭！

福州大学新庭芳苑： http://bbs.fzu.edu.cn  络报修与咨询：38201299 ，38201295,
2015-09-12 22:22:35 认证方式  有线认证
2015-09-12 22:22:35 认证网卡  eth0
2015-09-12 22:22:35 用户名  18650487078
2015-09-12 22:22:35 寻找认证服务器...
2015-09-12 22:22:35 连接认证服务器...
2015-09-12 22:22:35 正在进行认证...
2015-09-12 22:22:39 寻找认证服务器...
2015-09-12 22:22:39 连接认证服务器...
2015-09-12 22:22:39 正在进行认证...
2015-09-12 22:22:39 认证成功
2015-09-12 22:22:39 管理中心提示： http://x.eqxiu.com/s/a5TIUle1不管你是哪个年级，不管你是哪个专业，不管你有什么技能，福州大学官方论坛新庭芳苑都会欢迎爱好者的加盟，一同去打造出最美的新庭！

福州大学新庭芳苑： http://bbs.fzu.edu.cn  络报修与咨询：38201299 ，38201295,
2015-09-12 22:28:07 认证方式  有线认证
2015-09-12 22:28:07 认证网卡  eth0
2015-09-12 22:28:07 用户名  18650487078
2015-09-12 22:28:07 寻找认证服务器...
2015-09-12 22:28:07 连接认证服务器...
2015-09-12 22:28:07 正在进行认证...
2015-09-12 22:28:10 寻找认证服务器...
2015-09-12 22:28:10 连接认证服务器...
2015-09-12 22:28:10 正在进行认证...
2015-09-12 22:28:11 认证成功
2015-09-12 22:28:11 管理中心提示： http://x.eqxiu.com/s/a5TIUle1不管你是哪个年级，不管你是哪个专业，不管你有什么技能，福州大学官方论坛新庭芳苑都会欢迎爱好者的加盟，一同去打造出最美的新庭！

福州大学新庭芳苑： http://bbs.fzu.edu.cn  络报修与咨询：38201299 ，38201295,
2015-09-12 22:29:25 认证方式  有线认证
2015-09-12 22:29:25 认证网卡  eth0
2015-09-12 22:29:25 用户名  18650487078
2015-09-12 22:29:25 寻找认证服务器...
2015-09-12 22:29:25 连接认证服务器...
2015-09-12 22:29:25 正在进行认证...
2015-09-12 22:29:28 寻找认证服务器...
2015-09-12 22:29:28 连接认证服务器...
2015-09-12 22:29:28 正在进行认证...
2015-09-12 22:29:28 认证成功
2015-09-12 22:29:28 管理中心提示： http://x.eqxiu.com/s/a5TIUle1不管你是哪个年级，不管你是哪个专业，不管你有什么技能，福州大学官方论坛新庭芳苑都会欢迎爱好者的加盟，一同去打造出最美的新庭！

福州大学新庭芳苑： http://bbs.fzu.edu.cn  络报修与咨询：38201299 ，38201295,
2015-09-12 22:47:48 认证方式  有线认证
2015-09-12 22:47:48 认证网卡  eth0
2015-09-12 22:47:48 用户名  18650487078
2015-09-12 22:47:48 寻找认证服务器...
2015-09-12 22:47:48 连接认证服务器...
2015-09-12 22:47:48 正在进行认证...
2015-09-12 22:47:48 认证失败用户名不存在或者密码错误!
2015-09-12 22:47:59 认证方式  有线认证
2015-09-12 22:47:59 认证网卡  eth0
2015-09-12 22:47:59 用户名  18650487078
2015-09-12 22:47:59 寻找认证服务器...
2015-09-12 22:47:59 连接认证服务器...
2015-09-12 22:47:59 正在进行认证...
2015-09-12 22:47:59 认证失败用户名不存在或者密码错误!
2015-09-12 22:48:53 认证方式  有线认证
2015-09-12 22:48:53 认证网卡  eth0
2015-09-12 22:48:53 用户名  18650487078
2015-09-12 22:48:54 寻找认证服务器...
2015-09-12 22:48:54 连接认证服务器...
2015-09-12 22:48:54 正在进行认证...
2015-09-12 22:48:57 寻找认证服务器...
2015-09-12 22:48:57 连接认证服务器...
2015-09-12 22:48:57 正在进行认证...
2015-09-12 22:48:57 认证成功
2015-09-12 22:48:57 管理中心提示： http://x.eqxiu.com/s/a5TIUle1不管你是哪个年级，不管你是哪个专业，不管你有什么技能，福州大学官方论坛新庭芳苑都会欢迎爱好者的加盟，一同去打造出最美的新庭！

福州大学新庭芳苑： http://bbs.fzu.edu.cn  络报修与咨询：38201299 ，38201295,
2015-10-02 01:39:40 认证方式  有线认证
2015-10-02 01:39:40 认证网卡  eth0
2015-10-02 01:39:40 用户名  18650487078
2015-10-02 01:39:40 寻找认证服务器...
2015-10-02 01:39:40 连接认证服务器...
2015-10-02 01:39:40 正在进行认证...
2015-10-02 01:39:44 寻找认证服务器...
2015-10-02 01:39:44 连接认证服务器...
2015-10-02 01:39:44 正在进行认证...
2015-10-02 01:39:44 认证成功
2015-10-02 01:39:44 管理中心提示： http://xxb.fzu.edu.cn/html/gzdt/xwxx/2015/09/28/f4119697-d686-49db-bfdb-a9c90f3726ac.html
教育部科技发展中心组织举办“第一届下一代互联网技术创创新大赛”，我校在校学生均可参加
2015-10-02 02:41:47 退出客户端成功
2015-10-02 19:32:38 认证方式  有线认证
2015-10-02 19:32:38 认证网卡  eth0
2015-10-02 19:32:38 用户名  18650487078
2015-10-02 19:32:38 寻找认证服务器...
2015-10-02 19:32:38 连接认证服务器...
2015-10-02 19:32:38 正在进行认证...
2015-10-02 19:32:41 寻找认证服务器...
2015-10-02 19:32:41 连接认证服务器...
2015-10-02 19:32:41 正在进行认证...
2015-10-02 19:32:41 认证成功
2015-10-02 19:32:41 管理中心提示： http://xxb.fzu.edu.cn/html/gzdt/xwxx/2015/09/28/f4119697-d686-49db-bfdb-a9c90f3726ac.html
教育部科技发展中心组织举办“第一届下一代互联网技术创创新大赛”，我校在校学生均可参加
2015-10-03 01:36:55 认证方式  有线认证
2015-10-03 01:36:55 认证网卡  eth0
2015-10-03 01:36:55 用户名  18650487078
2015-10-03 01:36:55 寻找认证服务器...
2015-10-03 01:36:55 连接认证服务器...
2015-10-03 01:36:55 正在进行认证...
2015-10-03 01:36:58 寻找认证服务器...
2015-10-03 01:36:58 连接认证服务器...
2015-10-03 01:36:58 正在进行认证...
2015-10-03 01:36:58 认证成功
2015-10-03 01:36:58 管理中心提示： http://xxb.fzu.edu.cn/html/gzdt/xwxx/2015/09/28/f4119697-d686-49db-bfdb-a9c90f3726ac.html
教育部科技发展中心组织举办“第一届下一代互联网技术创创新大赛”，我校在校学生均可参加
2015-10-03 14:21:05 认证方式  有线认证
2015-10-03 14:21:05 认证网卡  eth0
2015-10-03 14:21:05 用户名  18650487078
2015-10-03 14:21:05 寻找认证服务器...
2015-10-03 14:21:05 连接认证服务器...
2015-10-03 14:21:05 正在进行认证...
2015-10-03 14:21:08 寻找认证服务器...
2015-10-03 14:21:08 连接认证服务器...
2015-10-03 14:21:08 正在进行认证...
2015-10-03 14:21:09 认证成功
2015-10-03 14:21:09 管理中心提示： http://xxb.fzu.edu.cn/html/gzdt/xwxx/2015/09/28/f4119697-d686-49db-bfdb-a9c90f3726ac.html
教育部科技发展中心组织举办“第一届下一代互联网技术创创新大赛”，我校在校学生均可参加
2015-10-03 15:31:28 认证方式  有线认证
2015-10-03 15:31:28 认证网卡  eth0
2015-10-03 15:31:28 用户名  18650487078
2015-10-03 15:31:28 寻找认证服务器...
2015-10-03 15:31:28 连接认证服务器...
2015-10-03 15:31:28 正在进行认证...
2015-10-03 15:31:31 寻找认证服务器...
2015-10-03 15:31:31 连接认证服务器...
2015-10-03 15:31:32 正在进行认证...
2015-10-03 15:31:32 认证成功
2015-10-03 15:31:32 管理中心提示： http://xxb.fzu.edu.cn/html/gzdt/xwxx/2015/09/28/f4119697-d686-49db-bfdb-a9c90f3726ac.html
教育部科技发展中心组织举办“第一届下一代互联网技术创创新大赛”，我校在校学生均可参加
2015-10-09 00:30:31 认证方式  有线认证
2015-10-09 00:30:31 认证网卡  eth0
2015-10-09 00:30:31 用户名  18650487078
2015-10-09 00:30:31 寻找认证服务器...
2015-10-09 00:30:31 连接认证服务器...
2015-10-09 00:30:31 正在进行认证...
2015-10-09 00:30:35 寻找认证服务器...
2015-10-09 00:30:35 连接认证服务器...
2015-10-09 00:30:35 正在进行认证...
2015-10-09 00:30:35 认证成功
2015-10-09 00:30:35 管理中心提示： http://xxb.fzu.edu.cn/html/gzdt/xwxx/2015/09/28/f4119697-d686-49db-bfdb-a9c90f3726ac.html
教育部科技发展中心组织举办“第一届下一代互联网技术创创新大赛”，我校在校学生均可参加
2015-10-09 11:32:29 认证方式  有线认证
2015-10-09 11:32:29 认证网卡  eth0
2015-10-09 11:32:29 用户名  18650487078
2015-10-09 11:32:29 寻找认证服务器...
2015-10-09 11:32:29 连接认证服务器...
2015-10-09 11:32:29 正在进行认证...
2015-10-09 11:32:32 寻找认证服务器...
2015-10-09 11:32:32 连接认证服务器...
2015-10-09 11:32:32 正在进行认证...
2015-10-09 11:32:32 认证成功
2015-10-09 11:32:32 管理中心提示： 地产十强、千亿军团碧桂园集团2016碧业生校园招聘盛大开启，微信关注“碧桂园集团招聘”抢占福建站宣讲会席位，我们等你!10月14日 19:00 福州大学旗山校区土木学院多功能厅 网申链接:http://bgy.zhiye.com/
2015-10-09 13:24:29 认证方式  有线认证
2015-10-09 13:24:29 认证网卡  eth0
2015-10-09 13:24:29 用户名  18650487078
2015-10-09 13:24:30 寻找认证服务器...
2015-10-09 13:24:31 2015-10-09 13:24:31 网线没有连接上，请检查网卡连接
2015-10-09 13:24:33 寻找认证服务器...
2015-10-09 13:24:36 客户端提示： 网卡连接正常，连接速度:100.0 Mbps
2015-10-09 13:24:36 寻找认证服务器...
2015-10-09 13:24:36 寻找认证服务器...
2015-10-09 13:24:36 连接认证服务器...
2015-10-09 13:24:36 连接认证服务器...
2015-10-09 13:24:36 正在进行认证...
2015-10-09 13:24:39 寻找认证服务器...
2015-10-09 13:24:39 连接认证服务器...
2015-10-09 13:24:39 正在进行认证...
2015-10-09 13:24:39 认证成功
2015-10-09 13:24:39 管理中心提示： 地产十强、千亿军团碧桂园集团2016碧业生校园招聘盛大开启，微信关注“碧桂园集团招聘”抢占福建站宣讲会席位，我们等你!10月14日 19:00 福州大学旗山校区土木学院多功能厅 网申链接:http://bgy.zhiye.com/
2015-10-09 15:24:51 退出客户端成功
2015-10-09 18:12:26 认证方式  有线认证
2015-10-09 18:12:26 认证网卡  eth0
2015-10-09 18:12:26 用户名  18650487078
2015-10-09 18:12:26 寻找认证服务器...
2015-10-09 18:12:26 连接认证服务器...
2015-10-09 18:12:26 正在进行认证...
2015-10-09 18:12:29 寻找认证服务器...
2015-10-09 18:12:29 连接认证服务器...
2015-10-09 18:12:29 正在进行认证...
2015-10-09 18:12:29 认证成功
2015-10-09 18:12:30 管理中心提示： 地产十强、千亿军团碧桂园集团2016碧业生校园招聘盛大开启，微信关注“碧桂园集团招聘”抢占福建站宣讲会席位，我们等你!10月14日 19:00 福州大学旗山校区土木学院多功能厅 网申链接:http://bgy.zhiye.com/
2015-10-09 23:54:25 认证方式  有线认证
2015-10-09 23:54:25 认证网卡  eth0
2015-10-09 23:54:25 用户名  18650487078
2015-10-09 23:54:25 寻找认证服务器...
2015-10-09 23:54:25 连接认证服务器...
2015-10-09 23:54:25 正在进行认证...
2015-10-09 23:54:28 寻找认证服务器...
2015-10-09 23:54:28 连接认证服务器...
2015-10-09 23:54:28 正在进行认证...
2015-10-09 23:54:28 认证成功
2015-10-09 23:54:28 管理中心提示： 地产十强、千亿军团碧桂园集团2016碧业生校园招聘盛大开启，微信关注“碧桂园集团招聘”抢占福建站宣讲会席位，我们等你!10月14日 19:00 福州大学旗山校区土木学院多功能厅 网申链接:http://bgy.zhiye.com/
2015-10-11 01:05:56 认证方式  有线认证
2015-10-11 01:05:56 认证网卡  eth0
2015-10-11 01:05:56 用户名  18650487078
2015-10-11 01:05:57 寻找认证服务器...
2015-10-11 01:05:57 连接认证服务器...
2015-10-11 01:05:57 正在进行认证...
2015-10-11 01:06:00 寻找认证服务器...
2015-10-11 01:06:00 连接认证服务器...
2015-10-11 01:06:00 正在进行认证...
2015-10-11 01:06:00 认证成功
2015-10-11 01:06:00 管理中心提示： 地产十强、千亿军团碧桂园集团2016碧业生校园招聘盛大开启，微信关注“碧桂园集团招聘”抢占福建站宣讲会席位，我们等你!10月14日 19:00 福州大学旗山校区土木学院多功能厅 网申链接:http://bgy.zhiye.com/
2015-10-11 03:07:05 认证方式  有线认证
2015-10-11 03:07:05 认证网卡  eth0
2015-10-11 03:07:05 用户名  18650487078
2015-10-11 03:07:06 寻找认证服务器...
2015-10-11 03:07:06 连接认证服务器...
2015-10-11 03:07:06 正在进行认证...
2015-10-11 03:07:09 寻找认证服务器...
2015-10-11 03:07:09 连接认证服务器...
2015-10-11 03:07:09 正在进行认证...
2015-10-11 03:07:09 认证成功
2015-10-11 03:07:09 管理中心提示： 地产十强、千亿军团碧桂园集团2016碧业生校园招聘盛大开启，微信关注“碧桂园集团招聘”抢占福建站宣讲会席位，我们等你!10月14日 19:00 福州大学旗山校区土木学院多功能厅 网申链接:http://bgy.zhiye.com/
2015-10-12 01:29:46 认证方式  有线认证
2015-10-12 01:29:46 认证网卡  eth0
2015-10-12 01:29:46 用户名  18650487078
2015-10-12 01:29:47 寻找认证服务器...
2015-10-12 01:29:47 连接认证服务器...
2015-10-12 01:29:47 正在进行认证...
2015-10-12 01:29:50 寻找认证服务器...
2015-10-12 01:29:50 连接认证服务器...
2015-10-12 01:29:50 正在进行认证...
2015-10-12 01:29:50 认证成功
2015-10-12 01:29:50 管理中心提示： 地产十强、千亿军团碧桂园集团2016碧业生校园招聘盛大开启，微信关注“碧桂园集团招聘”抢占福建站宣讲会席位，我们等你!10月14日 19:00 福州大学旗山校区土木学院多功能厅 网申链接:http://bgy.zhiye.com/
2015-10-12 19:39:26 认证方式  有线认证
2015-10-12 19:39:26 认证网卡  eth0
2015-10-12 19:39:26 用户名  18650487078
2015-10-12 19:39:26 寻找认证服务器...
2015-10-12 19:39:26 连接认证服务器...
2015-10-12 19:39:26 正在进行认证...
2015-10-12 19:39:30 寻找认证服务器...
2015-10-12 19:39:30 连接认证服务器...
2015-10-12 19:39:30 正在进行认证...
2015-10-12 19:39:30 认证成功
2015-10-12 19:39:30 管理中心提示： 地产十强、千亿军团碧桂园集团2016碧业生校园招聘盛大开启，微信关注“碧桂园集团招聘”抢占福建站宣讲会席位，我们等你!10月14日 19:00 福州大学旗山校区土木学院多功能厅 网申链接:http://bgy.zhiye.com/
2015-10-13 09:45:44 认证方式  有线认证
2015-10-13 09:45:44 认证网卡  eth0
2015-10-13 09:45:44 用户名  18650487078
2015-10-13 09:45:44 寻找认证服务器...
2015-10-13 09:45:44 连接认证服务器...
2015-10-13 09:45:44 正在进行认证...
2015-10-13 09:45:47 寻找认证服务器...
2015-10-13 09:45:48 连接认证服务器...
2015-10-13 09:45:48 正在进行认证...
2015-10-13 09:45:48 认证成功
2015-10-13 09:45:48 管理中心提示： 地产十强、千亿军团碧桂园集团2016碧业生校园招聘盛大开启，微信关注“碧桂园集团招聘”抢占福建站宣讲会席位，我们等你!10月14日 19:00 福州大学旗山校区土木学院多功能厅 网申链接:http://bgy.zhiye.com/
2015-10-13 10:32:39 退出客户端成功
2015-10-13 11:07:30 认证方式  有线认证
2015-10-13 11:07:30 认证网卡  eth0
2015-10-13 11:07:30 用户名  18650487078
2015-10-13 11:07:30 寻找认证服务器...
2015-10-13 11:07:30 连接认证服务器...
2015-10-13 11:07:30 正在进行认证...
2015-10-13 11:07:34 寻找认证服务器...
2015-10-13 11:07:34 连接认证服务器...
2015-10-13 11:07:34 正在进行认证...
2015-10-13 11:07:34 认证成功
2015-10-13 11:07:36 管理中心提示： 【新生专场之“我的大学不是梦”】——福州大学图书馆思涌践行社`第八期真人图书馆活动【2015年10月16日（周五）晚七点，福州大学图书馆月相园】特邀四位大学典型人物之学霸、创业人物、学生工作突出者以及校园代理突出者，与你共享他们的大学经历和心得体会。大学之广，人才济济，听听他们的声音，给你一个真实的大学体会。报名链接：http://www.sojump.com/jq/5895377.aspx
2015-10-13 21:45:55 退出客户端成功
2015-10-14 00:37:06 认证方式  有线认证
2015-10-14 00:37:06 认证网卡  eth0
2015-10-14 00:37:06 用户名  18650487078
2015-10-14 00:37:07 寻找认证服务器...
2015-10-14 00:37:07 连接认证服务器...
2015-10-14 00:37:07 正在进行认证...
2015-10-14 00:37:10 寻找认证服务器...
2015-10-14 00:37:10 连接认证服务器...
2015-10-14 00:37:10 正在进行认证...
2015-10-14 00:37:10 认证成功
2015-10-14 00:37:12 管理中心提示： 【新生专场之“我的大学不是梦”】——福州大学图书馆思涌践行社`第八期真人图书馆活动【2015年10月16日（周五）晚七点，福州大学图书馆月相园】特邀四位大学典型人物之学霸、创业人物、学生工作突出者以及校园代理突出者，与你共享他们的大学经历和心得体会。大学之广，人才济济，听听他们的声音，给你一个真实的大学体会。报名链接：http://www.sojump.com/jq/5895377.aspx
2015-10-14 02:56:45 退出客户端成功
2015-10-14 18:02:55 认证方式  有线认证
2015-10-14 18:02:55 认证网卡  eth0
2015-10-14 18:02:55 用户名  18650487078
2015-10-14 18:02:56 寻找认证服务器...
2015-10-14 18:02:56 连接认证服务器...
2015-10-14 18:02:56 正在进行认证...
2015-10-14 18:02:59 寻找认证服务器...
2015-10-14 18:02:59 连接认证服务器...
2015-10-14 18:03:00 正在进行认证...
2015-10-14 18:03:00 认证成功
2015-10-14 18:03:04 管理中心提示： 【新生专场之“我的大学不是梦”】——福州大学图书馆思涌践行社`第八期真人图书馆活动【2015年10月16日（周五）晚七点，福州大学图书馆月相园】特邀四位大学典型人物之学霸、创业人物、学生工作突出者以及校园代理突出者，与你共享他们的大学经历和心得体会。大学之广，人才济济，听听他们的声音，给你一个真实的大学体会。报名链接：http://www.sojump.com/jq/5895377.aspx
2015-10-15 00:15:43 认证方式  有线认证
2015-10-15 00:15:43 认证网卡  eth0
2015-10-15 00:15:43 用户名  18650487078
2015-10-15 00:15:44 寻找认证服务器...
2015-10-15 00:15:44 连接认证服务器...
2015-10-15 00:15:44 正在进行认证...
2015-10-15 00:15:47 寻找认证服务器...
2015-10-15 00:15:47 连接认证服务器...
2015-10-15 00:15:47 正在进行认证...
2015-10-15 00:15:47 认证成功
2015-10-15 00:15:49 管理中心提示： 【新生专场之“我的大学不是梦”】——福州大学图书馆思涌践行社`第八期真人图书馆活动【2015年10月16日（周五）晚七点，福州大学图书馆月相园】特邀四位大学典型人物之学霸、创业人物、学生工作突出者以及校园代理突出者，与你共享他们的大学经历和心得体会。大学之广，人才济济，听听他们的声音，给你一个真实的大学体会。报名链接：http://www.sojump.com/jq/5895377.aspx
2015-10-15 18:04:57 认证方式  有线认证
2015-10-15 18:04:57 认证网卡  eth0
2015-10-15 18:04:57 用户名  18650487078
2015-10-15 18:04:57 寻找认证服务器...
2015-10-15 18:04:57 连接认证服务器...
2015-10-15 18:04:57 正在进行认证...
2015-10-15 18:05:00 寻找认证服务器...
2015-10-15 18:05:00 连接认证服务器...
2015-10-15 18:05:00 正在进行认证...
2015-10-15 18:05:01 认证成功
2015-10-15 18:05:03 管理中心提示： 【新生专场之“我的大学不是梦”】——福州大学图书馆思涌践行社`第八期真人图书馆活动【2015年10月16日（周五）晚七点，福州大学图书馆月相园】特邀四位大学典型人物之学霸、创业人物、学生工作突出者以及校园代理突出者，与你共享他们的大学经历和心得体会。大学之广，人才济济，听听他们的声音，给你一个真实的大学体会。报名链接：http://www.sojump.com/jq/5895377.aspx
2015-10-16 18:52:30 认证方式  有线认证
2015-10-16 18:52:30 认证网卡  eth0
2015-10-16 18:52:30 用户名  18650487078
2015-10-16 18:52:30 寻找认证服务器...
2015-10-16 18:52:30 连接认证服务器...
2015-10-16 18:52:30 正在进行认证...
2015-10-16 18:52:33 寻找认证服务器...
2015-10-16 18:52:33 连接认证服务器...
2015-10-16 18:52:33 正在进行认证...
2015-10-16 18:52:33 认证成功
2015-10-16 18:52:35 管理中心提示： 【新生专场之“我的大学不是梦”】——福州大学图书馆思涌践行社`第八期真人图书馆活动【2015年10月16日（周五）晚七点，福州大学图书馆月相园】特邀四位大学典型人物之学霸、创业人物、学生工作突出者以及校园代理突出者，与你共享他们的大学经历和心得体会。大学之广，人才济济，听听他们的声音，给你一个真实的大学体会。报名链接：http://www.sojump.com/jq/5895377.aspx
2015-10-16 18:54:07 退出客户端成功
2015-10-16 18:54:42 认证方式  有线认证
2015-10-16 18:54:42 认证网卡  eth0
2015-10-16 18:54:42 用户名  18650487078
2015-10-16 18:54:42 寻找认证服务器...
2015-10-16 18:54:42 连接认证服务器...
2015-10-16 18:54:42 正在进行认证...
2015-10-16 18:54:45 寻找认证服务器...
2015-10-16 18:54:45 连接认证服务器...
2015-10-16 18:54:45 正在进行认证...
2015-10-16 18:54:45 认证成功
2015-10-16 18:54:47 管理中心提示： 【新生专场之“我的大学不是梦”】——福州大学图书馆思涌践行社`第八期真人图书馆活动【2015年10月16日（周五）晚七点，福州大学图书馆月相园】特邀四位大学典型人物之学霸、创业人物、学生工作突出者以及校园代理突出者，与你共享他们的大学经历和心得体会。大学之广，人才济济，听听他们的声音，给你一个真实的大学体会。报名链接：http://www.sojump.com/jq/5895377.aspx
2015-10-16 19:10:32 退出客户端成功
2015-10-16 19:14:56 认证方式  有线认证
2015-10-16 19:14:56 认证网卡  eth0
2015-10-16 19:14:56 用户名  18650487078
2015-10-16 19:14:57 寻找认证服务器...
2015-10-16 19:14:57 连接认证服务器...
2015-10-16 19:14:57 正在进行认证...
2015-10-16 19:15:00 寻找认证服务器...
2015-10-16 19:15:00 连接认证服务器...
2015-10-16 19:15:00 正在进行认证...
2015-10-16 19:15:00 认证成功
2015-10-16 19:15:02 管理中心提示： 【新生专场之“我的大学不是梦”】——福州大学图书馆思涌践行社`第八期真人图书馆活动【2015年10月16日（周五）晚七点，福州大学图书馆月相园】特邀四位大学典型人物之学霸、创业人物、学生工作突出者以及校园代理突出者，与你共享他们的大学经历和心得体会。大学之广，人才济济，听听他们的声音，给你一个真实的大学体会。报名链接：http://www.sojump.com/jq/5895377.aspx
2015-10-17 00:04:57 退出客户端成功
2015-10-17 22:35:07 认证方式  有线认证
2015-10-17 22:35:07 认证网卡  eth0
2015-10-17 22:35:07 用户名  18650487078
2015-10-17 22:35:08 寻找认证服务器...
2015-10-17 22:35:08 连接认证服务器...
2015-10-17 22:35:08 正在进行认证...
2015-10-17 22:35:11 寻找认证服务器...
2015-10-17 22:35:11 连接认证服务器...
2015-10-17 22:35:11 正在进行认证...
2015-10-17 22:35:11 认证成功
2015-10-17 22:35:13 管理中心提示： 福建四创软件有限公司2016年校招于10月19日15:00福大旗山校区数计学院7号楼2楼报告厅举行，推荐岗位：开发、售前、项目管理等。更多信息可见http://zp.strongsoft.net/。

“博思软件”来啦！2015年10月19日（周一）晚上7点，学生素质拓展中心119室，2016校园招聘，博思已经准备好了，软件开发、软件测试、软件项目实施、技术支持工程师等岗位等你来战！详情请登陆http://www.fjrclh.com/newsshownew.asp?articleid=27997
2015-10-18 12:06:56 客户端提示： 您的帐号已在另一地点登录,您已被迫下线!

2015-10-18 12:06:56 您的帐号已在另一地点登录,您已被迫下线!
2015-10-18 12:06:56 退出客户端成功
2015-10-18 17:41:55 认证方式  有线认证
2015-10-18 17:41:55 认证网卡  eth0
2015-10-18 17:41:55 用户名  18650487078
2015-10-18 17:41:56 寻找认证服务器...
2015-10-18 17:41:56 连接认证服务器...
2015-10-18 17:41:56 正在进行认证...
2015-10-18 17:41:59 寻找认证服务器...
2015-10-18 17:41:59 连接认证服务器...
2015-10-18 17:41:59 正在进行认证...
2015-10-18 17:41:59 认证成功
2015-10-18 17:42:01 管理中心提示： 福建四创软件有限公司2016年校招于10月19日15:00福大旗山校区数计学院7号楼2楼报告厅举行，推荐岗位：开发、售前、项目管理等。更多信息可见http://zp.strongsoft.net/。

“博思软件”来啦！2015年10月19日（周一）晚上7点，学生素质拓展中心119室，2016校园招聘，博思已经准备好了，软件开发、软件测试、软件项目实施、技术支持工程师等岗位等你来战！详情请登陆http://www.fjrclh.com/newsshownew.asp?articleid=27997
2015-10-18 22:58:16 认证方式  有线认证
2015-10-18 22:58:16 认证网卡  eth0
2015-10-18 22:58:16 用户名  18650487078
2015-10-18 22:58:16 寻找认证服务器...
2015-10-18 22:58:16 连接认证服务器...
2015-10-18 22:58:16 正在进行认证...
2015-10-18 22:58:19 寻找认证服务器...
2015-10-18 22:58:19 连接认证服务器...
2015-10-18 22:58:19 正在进行认证...
2015-10-18 22:58:20 认证成功
2015-10-18 22:58:22 管理中心提示： 福建四创软件有限公司2016年校招于10月19日15:00福大旗山校区数计学院7号楼2楼报告厅举行，推荐岗位：开发、售前、项目管理等。更多信息可见http://zp.strongsoft.net/。

“博思软件”来啦！2015年10月19日（周一）晚上7点，学生素质拓展中心119室，2016校园招聘，博思已经准备好了，软件开发、软件测试、软件项目实施、技术支持工程师等岗位等你来战！详情请登陆http://www.fjrclh.com/newsshownew.asp?articleid=27997
2015-10-19 03:06:28 退出客户端成功
